[16:31:47] [main/INFO]: Loading Minecraft 1.20.1 with Fabric Loader 0.14.21
[16:31:47] [main/INFO]: Fabric is preparing JARs on first launch, this may take a few seconds...
[16:31:47] [main/INFO]: Loading 3 mods:
	- fabricloader 0.14.21
	- java 17
	- minecraft 1.20.1
[16:31:47] [main/INFO]: SpongePowered MIXIN Subsystem Version=0.8.5 Source=file:/C:/Users/xboxg/Desktop/dfgfgfgfgfgfgfgfgfgfgfg/libraries/net/fabricmc/sponge-mixin/0.12.5+mixin.0.8.5/sponge-mixin-0.12.5+mixin.0.8.5.jar Service=Knot/Fabric Env=SERVER
[16:31:53] [main/ERROR]: Failed to load properties from file: server.properties
java.nio.file.NoSuchFileException: server.properties
	at sun.nio.fs.WindowsException.translateToIOException(WindowsException.java:85) ~[?:?]
	at sun.nio.fs.WindowsException.rethrowAsIOException(WindowsException.java:103) ~[?:?]
	at sun.nio.fs.WindowsException.rethrowAsIOException(WindowsException.java:108) ~[?:?]
	at sun.nio.fs.WindowsFileSystemProvider.newByteChannel(WindowsFileSystemProvider.java:236) ~[?:?]
	at java.nio.file.Files.newByteChannel(Files.java:380) ~[?:?]
	at java.nio.file.Files.newByteChannel(Files.java:432) ~[?:?]
	at java.nio.file.spi.FileSystemProvider.newInputStream(FileSystemProvider.java:422) ~[?:?]
	at java.nio.file.Files.newInputStream(Files.java:160) ~[?:?]
	at net.minecraft.class_3808.method_16727(class_3808.java:62) ~[server-intermediary.jar:?]
	at net.minecraft.class_3806.method_16714(class_3806.java:137) ~[server-intermediary.jar:?]
	at net.minecraft.class_3807.<init>(class_3807.java:12) ~[server-intermediary.jar:?]
	at net.minecraft.server.Main.main(Main.java:115) ~[server-intermediary.jar:?]
	at net.fabricmc.loader.impl.game.minecraft.MinecraftGameProvider.launch(MinecraftGameProvider.java:468) ~[fabric-loader-0.14.21.jar:?]
	at net.fabricmc.loader.impl.launch.knot.Knot.launch(Knot.java:74) ~[fabric-loader-0.14.21.jar:?]
	at net.fabricmc.loader.impl.launch.knot.KnotServer.main(KnotServer.java:23) ~[fabric-loader-0.14.21.jar:?]
	at net.fabricmc.loader.impl.launch.server.FabricServerLauncher.main(FabricServerLauncher.java:69) ~[fabric-loader-0.14.21.jar:?]
[16:31:53] [main/WARN]: Failed to load eula.txt
[16:31:53] [main/INFO]: You need to agree to the EULA in order to run the server. Go to eula.txt for more info.
