[16:39:06] [main/ERROR] [REI] ReltServer of ReltServer [roughly_enough_loot_tables] plugin failed to reloadable-plugin/EntryTypeRegistryImpl/!
java.lang.ExceptionInInitializerError
	at griglog.relt.rei_plugin.ReltServer.registerEntryTypes(ReltPlugin.kt:37)
	at me.shedaniel.rei.impl.common.entry.type.EntryTypeRegistryImpl.acceptPlugin(EntryTypeRegistryImpl.java:56)
	at me.shedaniel.rei.api.common.registry.Reloadable.acceptPlugin(Reloadable.java:78)
	at me.shedaniel.rei.impl.common.plugins.PluginManagerImpl.lambda$startReload$9(PluginManagerImpl.java:417)
	at me.shedaniel.rei.impl.common.plugins.PluginManagerImpl.lambda$pluginSection$4(PluginManagerImpl.java:199)
	at me.shedaniel.rei.impl.common.plugins.PluginManagerImpl.lambda$startReload$10(PluginManagerImpl.java:407)
	at me.shedaniel.rei.impl.common.plugins.PluginManagerImpl.pluginSection(PluginManagerImpl.java:197)
	at me.shedaniel.rei.impl.common.plugins.PluginManagerImpl.startReload(PluginManagerImpl.java:405)
	at me.shedaniel.rei.RoughlyEnoughItemsCore._reloadPlugins(RoughlyEnoughItemsCore.java:162)
	at me.shedaniel.rei.RoughlyEnoughItemsCore._reloadPlugins(RoughlyEnoughItemsCore.java:153)
	at me.shedaniel.rei.RoughlyEnoughItemsCore.lambda$onInitialize$4(RoughlyEnoughItemsCore.java:183)
	at java.base/java.util.concurrent.CompletableFuture$UniRun.tryFire(CompletableFuture.java:787)
	at java.base/java.util.concurrent.CompletableFuture$Completion.run(CompletableFuture.java:482)
	at net.minecraft.class_4014.method_18365(class_4014.java:69)
	at net.minecraft.class_156.method_43498(class_156.java:958)
	at net.minecraft.class_156.method_43499(class_156.java:946)
	at net.minecraft.server.Main.main(Main.java:156)
	at net.fabricmc.loader.impl.game.minecraft.MinecraftGameProvider.launch(MinecraftGameProvider.java:470)
	at net.fabricmc.loader.impl.launch.knot.Knot.launch(Knot.java:74)
	at net.fabricmc.loader.impl.launch.knot.KnotServer.main(KnotServer.java:23)
	at net.fabricmc.loader.impl.launch.server.FabricServerLauncher.main(FabricServerLauncher.java:69)
	at net.fabricmc.installer.ServerLauncher.main(ServerLauncher.java:69)
Caused by: java.lang.RuntimeException: Cannot load class me.shedaniel.rei.api.client.entry.renderer.EntryRenderer in environment type SERVER
	at net.fabricmc.loader.impl.transformer.FabricTransformer.transform(FabricTransformer.java:59)
	at net.fabricmc.loader.impl.launch.knot.KnotClassDelegate.getPreMixinClassByteArray(KnotClassDelegate.java:462)
	at net.fabricmc.loader.impl.launch.knot.KnotClassDelegate.getPostMixinClassByteArray(KnotClassDelegate.java:415)
	at net.fabricmc.loader.impl.launch.knot.KnotClassDelegate.tryLoadClass(KnotClassDelegate.java:323)
	at net.fabricmc.loader.impl.launch.knot.KnotClassDelegate.loadClass(KnotClassDelegate.java:218)
	at net.fabricmc.loader.impl.launch.knot.KnotClassLoader.loadClass(KnotClassLoader.java:119)
	at java.base/java.lang.ClassLoader.loadClass(ClassLoader.java:525)
	at java.base/java.lang.ClassLoader.defineClass1(Native Method)
	at java.base/java.lang.ClassLoader.defineClass(ClassLoader.java:1017)
	at java.base/java.security.SecureClassLoader.defineClass(SecureClassLoader.java:150)
	at net.fabricmc.loader.impl.launch.knot.KnotClassLoader.defineClassFwd(KnotClassLoader.java:160)
	at net.fabricmc.loader.impl.launch.knot.KnotClassDelegate.tryLoadClass(KnotClassDelegate.java:355)
	at net.fabricmc.loader.impl.launch.knot.KnotClassDelegate.loadClass(KnotClassDelegate.java:218)
	at net.fabricmc.loader.impl.launch.knot.KnotClassLoader.loadClass(KnotClassLoader.java:119)
	at java.base/java.lang.ClassLoader.loadClass(ClassLoader.java:525)
	at griglog.relt.rei_plugin.TableEntryDef.<clinit>(TableEntryDef.kt:28)
	... 22 more
